<?xml version="1.0" encoding="UTF-8"?>
<!-- Generated by org.testng.reporters.JUnitReportReporter -->
<testsuite hostname="sys-PC" failures="0" tests="1" name="com.makemytrip.qa.testcases.MailBoxPageTest" time="111.124" errors="0" timestamp="16 Dec 2018 16:56:12 GMT">
  <testcase classname="com.makemytrip.qa.testcases.MailBoxPageTest" name="loginTest" time="111.124"/>
</testsuite>
