<?xml version="1.0" encoding="UTF-8"?>
<!-- Generated by org.testng.reporters.JUnitReportReporter -->
<testsuite hostname="HDC2-D-BXM1T72" failures="0" tests="1" name="com.makemytrip.qa.testcases.MailBoxPageTest" time="37.564" errors="0" timestamp="14 Dec 2018 14:05:52 GMT">
  <testcase classname="com.makemytrip.qa.testcases.MailBoxPageTest" name="loginTest" time="37.564"/>
</testsuite>
