<?xml version="1.0" encoding="UTF-8"?>
<!-- Generated by org.testng.reporters.JUnitReportReporter -->
<testsuite hostname="HDC2-D-BXM1T72" failures="0" tests="1" name="com.makemytrip.qa.testcases.SignUpPageTest" time="16.526" errors="0" timestamp="14 Dec 2018 11:15:01 GMT">
  <testcase classname="com.makemytrip.qa.testcases.SignUpPageTest" name="loginTest" time="16.526"/>
</testsuite>
